<?xml version="1.0" encoding="UTF-8"?>
<!-- Generated by org.testng.reporters.JUnitReportReporter -->
<testsuite skipped="0" hostname="Abdullah-Obaid" name="testCases.DeleteProduct" tests="4" failures="0" timestamp="21 Apr 2022 23:40:31 GMT" time="3.802" errors="0">
  <testcase name="createNewProduct" time="2.324" classname="testCases.DeleteProduct"/>
  <testcase name="readAllProducts" time="0.761" classname="testCases.DeleteProduct"/>
  <testcase name="deleteProduct" time="0.408" classname="testCases.DeleteProduct"/>
  <testcase name="readDeleteProduct" time="0.309" classname="testCases.DeleteProduct"/>
</testsuite> <!-- testCases.DeleteProduct -->
