<?xml version="1.0" encoding="UTF-8"?>
<!-- Generated by org.testng.reporters.JUnitReportReporter -->
<testsuite skipped="0" hostname="Abdullah-Obaid" name="testCases.UpdateProduct" tests="4" failures="0" timestamp="21 Apr 2022 23:11:32 GMT" time="3.567" errors="0">
  <testcase name="createNewProduct" time="2.049" classname="testCases.UpdateProduct"/>
  <testcase name="readAllProducts" time="0.745" classname="testCases.UpdateProduct"/>
  <testcase name="updateProduct" time="0.389" classname="testCases.UpdateProduct"/>
  <testcase name="readOneProduct" time="0.384" classname="testCases.UpdateProduct"/>
</testsuite> <!-- testCases.UpdateProduct -->
