<?xml version="1.0" encoding="UTF-8"?>
<!-- Generated by org.testng.reporters.JUnitReportReporter -->
<testsuite skipped="0" hostname="Abdullah-Obaid" name="testCases.CreateNewProduct" tests="3" failures="0" timestamp="21 Apr 2022 22:14:57 GMT" time="3.532" errors="0">
  <testcase name="createNewProduct" time="2.298" classname="testCases.CreateNewProduct"/>
  <testcase name="readAllProducts" time="0.776" classname="testCases.CreateNewProduct"/>
  <testcase name="readOneProduct" time="0.458" classname="testCases.CreateNewProduct"/>
</testsuite> <!-- testCases.CreateNewProduct -->
