<?xml version="1.0" encoding="UTF-8"?>
<!-- Generated by org.testng.reporters.JUnitReportReporter -->
<testsuite skipped="0" hostname="Abdullah-Obaid" name="testCases.ReadAllProducts" tests="1" failures="0" timestamp="21 Apr 2022 16:05:48 GMT" time="2.933" errors="0">
  <testcase name="readAllProducts" time="2.933" classname="testCases.ReadAllProducts"/>
</testsuite> <!-- testCases.ReadAllProducts -->
